<?xml version="1.0" encoding="UTF-8"?>
<!-- Generated by org.testng.reporters.JUnitReportReporter -->
<testsuite hostname="DESKTOP-7K5433Q" failures="0" tests="4" name="testNG.DataDrivenUsingJxl" time="195.813" errors="0" timestamp="2025-08-26T06:00:30 PDT" skipped="0">
  <testcase classname="testNG.DataDrivenUsingJxl" name="data" time="41.691"/>
  <testcase classname="testNG.DataDrivenUsingJxl" name="data" time="78.875"/>
  <testcase classname="testNG.DataDrivenUsingJxl" name="data" time="44.269"/>
  <testcase classname="testNG.DataDrivenUsingJxl" name="data" time="30.978"/>
</testsuite> <!-- testNG.DataDrivenUsingJxl -->
